<?xml version="1.0" encoding="UTF-8"?>
<!-- Generated by org.testng.reporters.JUnitReportReporter -->
<testsuite skipped="0" hostname="NODE921" name="com.qa.api.GETAPITest" tests="1" failures="0" timestamp="15 Apr 2019 09:11:42 GMT" time="2.323" errors="0">
  <testcase name="verifyStatusCode" time="2.323" classname="com.qa.api.GETAPITest"/>
</testsuite> <!-- com.qa.api.GETAPITest -->
