<?xml version="1.0" encoding="UTF-8"?>
<!-- Generated by org.testng.reporters.JUnitReportReporter -->
<testsuite skipped="0" hostname="NODE921" name="com.qa.test.CreateUserTest" tests="2" failures="0" timestamp="08 Jun 2019 10:34:54 GMT" time="2.488" errors="0">
  <testcase name="createUserViaApi" time="0.860" classname="com.qa.test.CreateUserTest"/>
  <testcase name="createUserViaAPI" time="1.628" classname="com.qa.test.CreateUserTest"/>
</testsuite> <!-- com.qa.test.CreateUserTest -->
