<?xml version="1.0" encoding="UTF-8"?>
<!-- Generated by org.testng.reporters.JUnitReportReporter -->
<testsuite skipped="0" hostname="NODE921" name="com.qa.test.POSTAPITest" tests="1" failures="0" timestamp="14 Apr 2019 10:40:49 GMT" time="1.450" errors="0">
  <testcase name="creatNewUserViaApi" time="1.450" classname="com.qa.test.POSTAPITest"/>
</testsuite> <!-- com.qa.test.POSTAPITest -->
