<?xml version="1.0" encoding="UTF-8"?>
<!-- Generated by org.testng.reporters.JUnitReportReporter -->
<testsuite skipped="0" hostname="NODE921" name="com.qa.test.CreateUserAPI" tests="1" failures="0" timestamp="14 Apr 2019 11:06:20 GMT" time="1.658" errors="0">
  <testcase name="creatNewUserViaApi" time="1.658" classname="com.qa.test.CreateUserAPI"/>
</testsuite> <!-- com.qa.test.CreateUserAPI -->
